The system is: Linux - 3.7.3-101.fc17.x86_64 - x86_64
Compiling the C compiler identification source file "CMakeCCompilerId.c" succeeded.
Compiler: /usr/lib64/ccache/gcc 
Build flags: 
Id flags: 

The output was:
0


Compilation of the C compiler identification source "CMakeCCompilerId.c" produced "a.out"

The C compiler identification is GNU, found in "/home/romain/Dropbox/Imperial College/Advanced-Graphics/build/CMakeFiles/CompilerIdC/a.out"

Compiling the CXX compiler identification source file "CMakeCXXCompilerId.cpp" succeeded.
Compiler: /usr/lib64/ccache/g++ 
Build flags: 
Id flags: 

The output was:
0


Compilation of the CXX compiler identification source "CMakeCXXCompilerId.cpp" produced "a.out"

The CXX compiler identification is GNU, found in "/home/romain/Dropbox/Imperial College/Advanced-Graphics/build/CMakeFiles/CompilerIdCXX/a.out"

Determining if the C compiler works passed with the following output:
Change Dir: /home/romain/Dropbox/Imperial College/Advanced-Graphics/build/CMakeFiles/CMakeTmp

Run Build Command:/usr/bin/gmake "cmTryCompileExec4262652421/fast"
/usr/bin/gmake -f CMakeFiles/cmTryCompileExec4262652421.dir/build.make CMakeFiles/cmTryCompileExec4262652421.dir/build
gmake[1]: Entering directory `/home/romain/Dropbox/Imperial College/Advanced-Graphics/build/CMakeFiles/CMakeTmp'
/usr/bin/cmake -E cmake_progress_report "/home/romain/Dropbox/Imperial College/Advanced-Graphics/build/CMakeFiles/CMakeTmp/CMakeFiles" 1
Building C object CMakeFiles/cmTryCompileExec4262652421.dir/testCCompiler.c.o
/usr/lib64/ccache/gcc    -o CMakeFiles/cmTryCompileExec4262652421.dir/testCCompiler.c.o   -c "/home/romain/Dropbox/Imperial College/Advanced-Graphics/build/CMakeFiles/CMakeTmp/testCCompiler.c"
Linking C executable cmTryCompileExec4262652421
/usr/bin/cmake -E cmake_link_script CMakeFiles/cmTryCompileExec4262652421.dir/link.txt --verbose=1
/usr/lib64/ccache/gcc         CMakeFiles/cmTryCompileExec4262652421.dir/testCCompiler.c.o  -o cmTryCompileExec4262652421 -rdynamic 
gmake[1]: Leaving directory `/home/romain/Dropbox/Imperial College/Advanced-Graphics/build/CMakeFiles/CMakeTmp'


Detecting C compiler ABI info compiled with the following output:
Change Dir: /home/romain/Dropbox/Imperial College/Advanced-Graphics/build/CMakeFiles/CMakeTmp

Run Build Command:/usr/bin/gmake "cmTryCompileExec962550519/fast"
/usr/bin/gmake -f CMakeFiles/cmTryCompileExec962550519.dir/build.make CMakeFiles/cmTryCompileExec962550519.dir/build
gmake[1]: Entering directory `/home/romain/Dropbox/Imperial College/Advanced-Graphics/build/CMakeFiles/CMakeTmp'
/usr/bin/cmake -E cmake_progress_report "/home/romain/Dropbox/Imperial College/Advanced-Graphics/build/CMakeFiles/CMakeTmp/CMakeFiles" 1
Building C object CMakeFiles/cmTryCompileExec962550519.dir/CMakeCCompilerABI.c.o
/usr/lib64/ccache/gcc    -o CMakeFiles/cmTryCompileExec962550519.dir/CMakeCCompilerABI.c.o   -c /usr/share/cmake/Modules/CMakeCCompilerABI.c
Linking C executable cmTryCompileExec962550519
/usr/bin/cmake -E cmake_link_script CMakeFiles/cmTryCompileExec962550519.dir/link.txt --verbose=1
/usr/lib64/ccache/gcc       -v CMakeFiles/cmTryCompileExec962550519.dir/CMakeCCompilerABI.c.o  -o cmTryCompileExec962550519 -rdynamic  
Using built-in specs.
COLLECT_GCC=/usr/bin/gcc
COLLECT_LTO_WRAPPER=/opt/gcc-4.7.2/libexec/gcc/x86_64-unknown-linux-gnu/4.7.2/lto-wrapper
Target: x86_64-unknown-linux-gnu
Configured with: ../gcc-4.7.2/configure --prefix=/opt/gcc-4.7.2 --program-suffix=-4.7 --enable-languages=c,c++,f95
Thread model: posix
gcc version 4.7.2 (GCC) 
COMPILER_PATH=/opt/gcc-4.7.2/libexec/gcc/x86_64-unknown-linux-gnu/4.7.2/:/opt/gcc-4.7.2/libexec/gcc/x86_64-unknown-linux-gnu/4.7.2/:/opt/gcc-4.7.2/libexec/gcc/x86_64-unknown-linux-gnu/:/opt/gcc-4.7.2/lib/gcc/x86_64-unknown-linux-gnu/4.7.2/:/opt/gcc-4.7.2/lib/gcc/x86_64-unknown-linux-gnu/
LIBRARY_PATH=/opt/gcc-4.7.2/lib/gcc/x86_64-unknown-linux-gnu/4.7.2/:/opt/gcc-4.7.2/lib/gcc/x86_64-unknown-linux-gnu/4.7.2/../../../../lib64/:/lib/../lib64/:/usr/lib/../lib64/:/opt/intel/composer_xe_2013.1.117/compiler/lib/intel64/:/opt/intel/composer_xe_2013.1.117/ipp/../compiler/lib/intel64/:/opt/intel/composer_xe_2013.1.117/ipp/lib/intel64/:/opt/intel/composer_xe_2013.1.117/compiler/lib/intel64/:/opt/intel/composer_xe_2013.1.117/mkl/lib/intel64/:/opt/intel/composer_xe_2013.1.117/tbb/lib/intel64/:/opt/intel/composer_xe_2013.1.117/compiler/lib/intel64/:/opt/intel/composer_xe_2013.1.117/ipp/../compiler/lib/intel64/:/opt/intel/composer_xe_2013.1.117/ipp/lib/intel64/:/opt/intel/composer_xe_2013.1.117/compiler/lib/intel64/:/opt/intel/composer_xe_2013.1.117/mkl/lib/intel64/:/opt/intel/composer_xe_2013.1.117/tbb/lib/intel64/:/opt/gcc-4.7.2/lib/gcc/x86_64-unknown-linux-gnu/4.7.2/../../../:/lib/:/usr/lib/
COLLECT_GCC_OPTIONS='-v' '-o' 'cmTryCompileExec962550519' '-rdynamic' '-mtune=generic' '-march=x86-64'
 /opt/gcc-4.7.2/libexec/gcc/x86_64-unknown-linux-gnu/4.7.2/collect2 --eh-frame-hdr -m elf_x86_64 -export-dynamic -dynamic-linker /lib64/ld-linux-x86-64.so.2 -o cmTryCompileExec962550519 /lib/../lib64/crt1.o /lib/../lib64/crti.o /opt/gcc-4.7.2/lib/gcc/x86_64-unknown-linux-gnu/4.7.2/crtbegin.o -L/opt/gcc-4.7.2/lib/gcc/x86_64-unknown-linux-gnu/4.7.2 -L/opt/gcc-4.7.2/lib/gcc/x86_64-unknown-linux-gnu/4.7.2/../../../../lib64 -L/lib/../lib64 -L/usr/lib/../lib64 -L/opt/intel/composer_xe_2013.1.117/compiler/lib/intel64 -L/opt/intel/composer_xe_2013.1.117/ipp/../compiler/lib/intel64 -L/opt/intel/composer_xe_2013.1.117/ipp/lib/intel64 -L/opt/intel/composer_xe_2013.1.117/compiler/lib/intel64 -L/opt/intel/composer_xe_2013.1.117/mkl/lib/intel64 -L/opt/intel/composer_xe_2013.1.117/tbb/lib/intel64 -L/opt/intel/composer_xe_2013.1.117/compiler/lib/intel64 -L/opt/intel/composer_xe_2013.1.117/ipp/../compiler/lib/intel64 -L/opt/intel/composer_xe_2013.1.117/ipp/lib/intel64 -L/opt/intel/composer_xe_2013.1.117/compiler/lib/intel64 -L/opt/intel/composer_xe_2013.1.117/mkl/lib/intel64 -L/opt/intel/composer_xe_2013.1.117/tbb/lib/intel64 -L/opt/gcc-4.7.2/lib/gcc/x86_64-unknown-linux-gnu/4.7.2/../../.. CMakeFiles/cmTryCompileExec962550519.dir/CMakeCCompilerABI.c.o -lgcc --as-needed -lgcc_s --no-as-needed -lc -lgcc --as-needed -lgcc_s --no-as-needed /opt/gcc-4.7.2/lib/gcc/x86_64-unknown-linux-gnu/4.7.2/crtend.o /lib/../lib64/crtn.o
gmake[1]: Leaving directory `/home/romain/Dropbox/Imperial College/Advanced-Graphics/build/CMakeFiles/CMakeTmp'


Parsed C implicit link information from above output:
  link line regex: [^( *|.*[/\])(ld|ld|collect2)[^/\]*( |$)]
  ignore line: [Change Dir: /home/romain/Dropbox/Imperial College/Advanced-Graphics/build/CMakeFiles/CMakeTmp]
  ignore line: []
  ignore line: [Run Build Command:/usr/bin/gmake "cmTryCompileExec962550519/fast"]
  ignore line: [/usr/bin/gmake -f CMakeFiles/cmTryCompileExec962550519.dir/build.make CMakeFiles/cmTryCompileExec962550519.dir/build]
  ignore line: [gmake[1]: Entering directory `/home/romain/Dropbox/Imperial College/Advanced-Graphics/build/CMakeFiles/CMakeTmp']
  ignore line: [/usr/bin/cmake -E cmake_progress_report "/home/romain/Dropbox/Imperial College/Advanced-Graphics/build/CMakeFiles/CMakeTmp/CMakeFiles" 1]
  ignore line: [Building C object CMakeFiles/cmTryCompileExec962550519.dir/CMakeCCompilerABI.c.o]
  ignore line: [/usr/lib64/ccache/gcc    -o CMakeFiles/cmTryCompileExec962550519.dir/CMakeCCompilerABI.c.o   -c /usr/share/cmake/Modules/CMakeCCompilerABI.c]
  ignore line: [Linking C executable cmTryCompileExec962550519]
  ignore line: [/usr/bin/cmake -E cmake_link_script CMakeFiles/cmTryCompileExec962550519.dir/link.txt --verbose=1]
  ignore line: [/usr/lib64/ccache/gcc       -v CMakeFiles/cmTryCompileExec962550519.dir/CMakeCCompilerABI.c.o  -o cmTryCompileExec962550519 -rdynamic  ]
  ignore line: [Using built-in specs.]
  ignore line: [COLLECT_GCC=/usr/bin/gcc]
  ignore line: [COLLECT_LTO_WRAPPER=/opt/gcc-4.7.2/libexec/gcc/x86_64-unknown-linux-gnu/4.7.2/lto-wrapper]
  ignore line: [Target: x86_64-unknown-linux-gnu]
  ignore line: [Configured with: ../gcc-4.7.2/configure --prefix=/opt/gcc-4.7.2 --program-suffix=-4.7 --enable-languages=c,c++,f95]
  ignore line: [Thread model: posix]
  ignore line: [gcc version 4.7.2 (GCC) ]
  ignore line: [COMPILER_PATH=/opt/gcc-4.7.2/libexec/gcc/x86_64-unknown-linux-gnu/4.7.2/:/opt/gcc-4.7.2/libexec/gcc/x86_64-unknown-linux-gnu/4.7.2/:/opt/gcc-4.7.2/libexec/gcc/x86_64-unknown-linux-gnu/:/opt/gcc-4.7.2/lib/gcc/x86_64-unknown-linux-gnu/4.7.2/:/opt/gcc-4.7.2/lib/gcc/x86_64-unknown-linux-gnu/]
  ignore line: [LIBRARY_PATH=/opt/gcc-4.7.2/lib/gcc/x86_64-unknown-linux-gnu/4.7.2/:/opt/gcc-4.7.2/lib/gcc/x86_64-unknown-linux-gnu/4.7.2/../../../../lib64/:/lib/../lib64/:/usr/lib/../lib64/:/opt/intel/composer_xe_2013.1.117/compiler/lib/intel64/:/opt/intel/composer_xe_2013.1.117/ipp/../compiler/lib/intel64/:/opt/intel/composer_xe_2013.1.117/ipp/lib/intel64/:/opt/intel/composer_xe_2013.1.117/compiler/lib/intel64/:/opt/intel/composer_xe_2013.1.117/mkl/lib/intel64/:/opt/intel/composer_xe_2013.1.117/tbb/lib/intel64/:/opt/intel/composer_xe_2013.1.117/compiler/lib/intel64/:/opt/intel/composer_xe_2013.1.117/ipp/../compiler/lib/intel64/:/opt/intel/composer_xe_2013.1.117/ipp/lib/intel64/:/opt/intel/composer_xe_2013.1.117/compiler/lib/intel64/:/opt/intel/composer_xe_2013.1.117/mkl/lib/intel64/:/opt/intel/composer_xe_2013.1.117/tbb/lib/intel64/:/opt/gcc-4.7.2/lib/gcc/x86_64-unknown-linux-gnu/4.7.2/../../../:/lib/:/usr/lib/]
  ignore line: [COLLECT_GCC_OPTIONS='-v' '-o' 'cmTryCompileExec962550519' '-rdynamic' '-mtune=generic' '-march=x86-64']
  link line: [ /opt/gcc-4.7.2/libexec/gcc/x86_64-unknown-linux-gnu/4.7.2/collect2 --eh-frame-hdr -m elf_x86_64 -export-dynamic -dynamic-linker /lib64/ld-linux-x86-64.so.2 -o cmTryCompileExec962550519 /lib/../lib64/crt1.o /lib/../lib64/crti.o /opt/gcc-4.7.2/lib/gcc/x86_64-unknown-linux-gnu/4.7.2/crtbegin.o -L/opt/gcc-4.7.2/lib/gcc/x86_64-unknown-linux-gnu/4.7.2 -L/opt/gcc-4.7.2/lib/gcc/x86_64-unknown-linux-gnu/4.7.2/../../../../lib64 -L/lib/../lib64 -L/usr/lib/../lib64 -L/opt/intel/composer_xe_2013.1.117/compiler/lib/intel64 -L/opt/intel/composer_xe_2013.1.117/ipp/../compiler/lib/intel64 -L/opt/intel/composer_xe_2013.1.117/ipp/lib/intel64 -L/opt/intel/composer_xe_2013.1.117/compiler/lib/intel64 -L/opt/intel/composer_xe_2013.1.117/mkl/lib/intel64 -L/opt/intel/composer_xe_2013.1.117/tbb/lib/intel64 -L/opt/intel/composer_xe_2013.1.117/compiler/lib/intel64 -L/opt/intel/composer_xe_2013.1.117/ipp/../compiler/lib/intel64 -L/opt/intel/composer_xe_2013.1.117/ipp/lib/intel64 -L/opt/intel/composer_xe_2013.1.117/compiler/lib/intel64 -L/opt/intel/composer_xe_2013.1.117/mkl/lib/intel64 -L/opt/intel/composer_xe_2013.1.117/tbb/lib/intel64 -L/opt/gcc-4.7.2/lib/gcc/x86_64-unknown-linux-gnu/4.7.2/../../.. CMakeFiles/cmTryCompileExec962550519.dir/CMakeCCompilerABI.c.o -lgcc --as-needed -lgcc_s --no-as-needed -lc -lgcc --as-needed -lgcc_s --no-as-needed /opt/gcc-4.7.2/lib/gcc/x86_64-unknown-linux-gnu/4.7.2/crtend.o /lib/../lib64/crtn.o]
    arg [/opt/gcc-4.7.2/libexec/gcc/x86_64-unknown-linux-gnu/4.7.2/collect2] ==> ignore
    arg [--eh-frame-hdr] ==> ignore
    arg [-m] ==> ignore
    arg [elf_x86_64] ==> ignore
    arg [-export-dynamic] ==> ignore
    arg [-dynamic-linker] ==> ignore
    arg [/lib64/ld-linux-x86-64.so.2] ==> ignore
    arg [-o] ==> ignore
    arg [cmTryCompileExec962550519] ==> ignore
    arg [/lib/../lib64/crt1.o] ==> ignore
    arg [/lib/../lib64/crti.o] ==> ignore
    arg [/opt/gcc-4.7.2/lib/gcc/x86_64-unknown-linux-gnu/4.7.2/crtbegin.o] ==> ignore
    arg [-L/opt/gcc-4.7.2/lib/gcc/x86_64-unknown-linux-gnu/4.7.2] ==> dir [/opt/gcc-4.7.2/lib/gcc/x86_64-unknown-linux-gnu/4.7.2]
    arg [-L/opt/gcc-4.7.2/lib/gcc/x86_64-unknown-linux-gnu/4.7.2/../../../../lib64] ==> dir [/opt/gcc-4.7.2/lib/gcc/x86_64-unknown-linux-gnu/4.7.2/../../../../lib64]
    arg [-L/lib/../lib64] ==> dir [/lib/../lib64]
    arg [-L/usr/lib/../lib64] ==> dir [/usr/lib/../lib64]
    arg [-L/opt/intel/composer_xe_2013.1.117/compiler/lib/intel64] ==> dir [/opt/intel/composer_xe_2013.1.117/compiler/lib/intel64]
    arg [-L/opt/intel/composer_xe_2013.1.117/ipp/../compiler/lib/intel64] ==> dir [/opt/intel/composer_xe_2013.1.117/ipp/../compiler/lib/intel64]
    arg [-L/opt/intel/composer_xe_2013.1.117/ipp/lib/intel64] ==> dir [/opt/intel/composer_xe_2013.1.117/ipp/lib/intel64]
    arg [-L/opt/intel/composer_xe_2013.1.117/compiler/lib/intel64] ==> dir [/opt/intel/composer_xe_2013.1.117/compiler/lib/intel64]
    arg [-L/opt/intel/composer_xe_2013.1.117/mkl/lib/intel64] ==> dir [/opt/intel/composer_xe_2013.1.117/mkl/lib/intel64]
    arg [-L/opt/intel/composer_xe_2013.1.117/tbb/lib/intel64] ==> dir [/opt/intel/composer_xe_2013.1.117/tbb/lib/intel64]
    arg [-L/opt/intel/composer_xe_2013.1.117/compiler/lib/intel64] ==> dir [/opt/intel/composer_xe_2013.1.117/compiler/lib/intel64]
    arg [-L/opt/intel/composer_xe_2013.1.117/ipp/../compiler/lib/intel64] ==> dir [/opt/intel/composer_xe_2013.1.117/ipp/../compiler/lib/intel64]
    arg [-L/opt/intel/composer_xe_2013.1.117/ipp/lib/intel64] ==> dir [/opt/intel/composer_xe_2013.1.117/ipp/lib/intel64]
    arg [-L/opt/intel/composer_xe_2013.1.117/compiler/lib/intel64] ==> dir [/opt/intel/composer_xe_2013.1.117/compiler/lib/intel64]
    arg [-L/opt/intel/composer_xe_2013.1.117/mkl/lib/intel64] ==> dir [/opt/intel/composer_xe_2013.1.117/mkl/lib/intel64]
    arg [-L/opt/intel/composer_xe_2013.1.117/tbb/lib/intel64] ==> dir [/opt/intel/composer_xe_2013.1.117/tbb/lib/intel64]
    arg [-L/opt/gcc-4.7.2/lib/gcc/x86_64-unknown-linux-gnu/4.7.2/../../..] ==> dir [/opt/gcc-4.7.2/lib/gcc/x86_64-unknown-linux-gnu/4.7.2/../../..]
    arg [CMakeFiles/cmTryCompileExec962550519.dir/CMakeCCompilerABI.c.o] ==> ignore
    arg [-lgcc] ==> lib [gcc]
    arg [--as-needed] ==> ignore
    arg [-lgcc_s] ==> lib [gcc_s]
    arg [--no-as-needed] ==> ignore
    arg [-lc] ==> lib [c]
    arg [-lgcc] ==> lib [gcc]
    arg [--as-needed] ==> ignore
    arg [-lgcc_s] ==> lib [gcc_s]
    arg [--no-as-needed] ==> ignore
    arg [/opt/gcc-4.7.2/lib/gcc/x86_64-unknown-linux-gnu/4.7.2/crtend.o] ==> ignore
    arg [/lib/../lib64/crtn.o] ==> ignore
  remove lib [gcc]
  remove lib [gcc_s]
  remove lib [gcc]
  remove lib [gcc_s]
  collapse dir [/opt/gcc-4.7.2/lib/gcc/x86_64-unknown-linux-gnu/4.7.2] ==> [/opt/gcc-4.7.2/lib/gcc/x86_64-unknown-linux-gnu/4.7.2]
  collapse dir [/opt/gcc-4.7.2/lib/gcc/x86_64-unknown-linux-gnu/4.7.2/../../../../lib64] ==> [/opt/gcc-4.7.2/lib64]
  collapse dir [/lib/../lib64] ==> [/lib64]
  collapse dir [/usr/lib/../lib64] ==> [/usr/lib64]
  collapse dir [/opt/intel/composer_xe_2013.1.117/compiler/lib/intel64] ==> [/opt/intel/composer_xe_2013.1.117/compiler/lib/intel64]
  collapse dir [/opt/intel/composer_xe_2013.1.117/ipp/../compiler/lib/intel64] ==> [/opt/intel/composer_xe_2013.1.117/compiler/lib/intel64]
  collapse dir [/opt/intel/composer_xe_2013.1.117/ipp/lib/intel64] ==> [/opt/intel/composer_xe_2013.1.117/ipp/lib/intel64]
  collapse dir [/opt/intel/composer_xe_2013.1.117/compiler/lib/intel64] ==> [/opt/intel/composer_xe_2013.1.117/compiler/lib/intel64]
  collapse dir [/opt/intel/composer_xe_2013.1.117/mkl/lib/intel64] ==> [/opt/intel/composer_xe_2013.1.117/mkl/lib/intel64]
  collapse dir [/opt/intel/composer_xe_2013.1.117/tbb/lib/intel64] ==> [/opt/intel/composer_xe_2013.1.117/tbb/lib/intel64]
  collapse dir [/opt/intel/composer_xe_2013.1.117/compiler/lib/intel64] ==> [/opt/intel/composer_xe_2013.1.117/compiler/lib/intel64]
  collapse dir [/opt/intel/composer_xe_2013.1.117/ipp/../compiler/lib/intel64] ==> [/opt/intel/composer_xe_2013.1.117/compiler/lib/intel64]
  collapse dir [/opt/intel/composer_xe_2013.1.117/ipp/lib/intel64] ==> [/opt/intel/composer_xe_2013.1.117/ipp/lib/intel64]
  collapse dir [/opt/intel/composer_xe_2013.1.117/compiler/lib/intel64] ==> [/opt/intel/composer_xe_2013.1.117/compiler/lib/intel64]
  collapse dir [/opt/intel/composer_xe_2013.1.117/mkl/lib/intel64] ==> [/opt/intel/composer_xe_2013.1.117/mkl/lib/intel64]
  collapse dir [/opt/intel/composer_xe_2013.1.117/tbb/lib/intel64] ==> [/opt/intel/composer_xe_2013.1.117/tbb/lib/intel64]
  collapse dir [/opt/gcc-4.7.2/lib/gcc/x86_64-unknown-linux-gnu/4.7.2/../../..] ==> [/opt/gcc-4.7.2/lib]
  implicit libs: [c]
  implicit dirs: [/opt/gcc-4.7.2/lib/gcc/x86_64-unknown-linux-gnu/4.7.2;/opt/gcc-4.7.2/lib64;/lib64;/usr/lib64;/opt/intel/composer_xe_2013.1.117/compiler/lib/intel64;/opt/intel/composer_xe_2013.1.117/ipp/lib/intel64;/opt/intel/composer_xe_2013.1.117/mkl/lib/intel64;/opt/intel/composer_xe_2013.1.117/tbb/lib/intel64;/opt/gcc-4.7.2/lib]


Determining if the CXX compiler works passed with the following output:
Change Dir: /home/romain/Dropbox/Imperial College/Advanced-Graphics/build/CMakeFiles/CMakeTmp

Run Build Command:/usr/bin/gmake "cmTryCompileExec2423457646/fast"
/usr/bin/gmake -f CMakeFiles/cmTryCompileExec2423457646.dir/build.make CMakeFiles/cmTryCompileExec2423457646.dir/build
gmake[1]: Entering directory `/home/romain/Dropbox/Imperial College/Advanced-Graphics/build/CMakeFiles/CMakeTmp'
/usr/bin/cmake -E cmake_progress_report "/home/romain/Dropbox/Imperial College/Advanced-Graphics/build/CMakeFiles/CMakeTmp/CMakeFiles" 1
Building CXX object CMakeFiles/cmTryCompileExec2423457646.dir/testCXXCompiler.cxx.o
/usr/lib64/ccache/g++     -o CMakeFiles/cmTryCompileExec2423457646.dir/testCXXCompiler.cxx.o -c "/home/romain/Dropbox/Imperial College/Advanced-Graphics/build/CMakeFiles/CMakeTmp/testCXXCompiler.cxx"
Linking CXX executable cmTryCompileExec2423457646
/usr/bin/cmake -E cmake_link_script CMakeFiles/cmTryCompileExec2423457646.dir/link.txt --verbose=1
/usr/lib64/ccache/g++          CMakeFiles/cmTryCompileExec2423457646.dir/testCXXCompiler.cxx.o  -o cmTryCompileExec2423457646 -rdynamic 
gmake[1]: Leaving directory `/home/romain/Dropbox/Imperial College/Advanced-Graphics/build/CMakeFiles/CMakeTmp'


Detecting CXX compiler ABI info compiled with the following output:
Change Dir: /home/romain/Dropbox/Imperial College/Advanced-Graphics/build/CMakeFiles/CMakeTmp

Run Build Command:/usr/bin/gmake "cmTryCompileExec2173649571/fast"
/usr/bin/gmake -f CMakeFiles/cmTryCompileExec2173649571.dir/build.make CMakeFiles/cmTryCompileExec2173649571.dir/build
gmake[1]: Entering directory `/home/romain/Dropbox/Imperial College/Advanced-Graphics/build/CMakeFiles/CMakeTmp'
/usr/bin/cmake -E cmake_progress_report "/home/romain/Dropbox/Imperial College/Advanced-Graphics/build/CMakeFiles/CMakeTmp/CMakeFiles" 1
Building CXX object CMakeFiles/cmTryCompileExec2173649571.dir/CMakeCXXCompilerABI.cpp.o
/usr/lib64/ccache/g++     -o CMakeFiles/cmTryCompileExec2173649571.dir/CMakeCXXCompilerABI.cpp.o -c /usr/share/cmake/Modules/CMakeCXXCompilerABI.cpp
Linking CXX executable cmTryCompileExec2173649571
/usr/bin/cmake -E cmake_link_script CMakeFiles/cmTryCompileExec2173649571.dir/link.txt --verbose=1
/usr/lib64/ccache/g++        -v CMakeFiles/cmTryCompileExec2173649571.dir/CMakeCXXCompilerABI.cpp.o  -o cmTryCompileExec2173649571 -rdynamic  
Using built-in specs.
COLLECT_GCC=/usr/bin/g++
COLLECT_LTO_WRAPPER=/usr/libexec/gcc/x86_64-redhat-linux/4.7.2/lto-wrapper
Target: x86_64-redhat-linux
Configured with: ../configure --prefix=/usr --mandir=/usr/share/man --infodir=/usr/share/info --with-bugurl=http://bugzilla.redhat.com/bugzilla --enable-bootstrap --enable-shared --enable-threads=posix --enable-checking=release --disable-build-with-cxx --disable-build-poststage1-with-cxx --with-system-zlib --enable-__cxa_atexit --disable-libunwind-exceptions --enable-gnu-unique-object --enable-linker-build-id --with-linker-hash-style=gnu --enable-languages=c,c++,objc,obj-c++,java,fortran,ada,go,lto --enable-plugin --enable-initfini-array --enable-java-awt=gtk --disable-dssi --with-java-home=/usr/lib/jvm/java-1.5.0-gcj-1.5.0.0/jre --enable-libgcj-multifile --enable-java-maintainer-mode --with-ecj-jar=/usr/share/java/eclipse-ecj.jar --disable-libjava-multilib --with-ppl --with-cloog --with-tune=generic --with-arch_32=i686 --build=x86_64-redhat-linux
Thread model: posix
gcc version 4.7.2 20120921 (Red Hat 4.7.2-2) (GCC) 
COMPILER_PATH=/usr/libexec/gcc/x86_64-redhat-linux/4.7.2/:/usr/libexec/gcc/x86_64-redhat-linux/4.7.2/:/usr/libexec/gcc/x86_64-redhat-linux/:/usr/lib/gcc/x86_64-redhat-linux/4.7.2/:/usr/lib/gcc/x86_64-redhat-linux/
LIBRARY_PATH=/usr/lib/gcc/x86_64-redhat-linux/4.7.2/:/usr/lib/gcc/x86_64-redhat-linux/4.7.2/../../../../lib64/:/lib/../lib64/:/usr/lib/../lib64/:/opt/intel/composer_xe_2013.1.117/compiler/lib/intel64/:/opt/intel/composer_xe_2013.1.117/ipp/../compiler/lib/intel64/:/opt/intel/composer_xe_2013.1.117/ipp/lib/intel64/:/opt/intel/composer_xe_2013.1.117/compiler/lib/intel64/:/opt/intel/composer_xe_2013.1.117/mkl/lib/intel64/:/opt/intel/composer_xe_2013.1.117/tbb/lib/intel64/:/opt/intel/composer_xe_2013.1.117/compiler/lib/intel64/:/opt/intel/composer_xe_2013.1.117/ipp/../compiler/lib/intel64/:/opt/intel/composer_xe_2013.1.117/ipp/lib/intel64/:/opt/intel/composer_xe_2013.1.117/compiler/lib/intel64/:/opt/intel/composer_xe_2013.1.117/mkl/lib/intel64/:/opt/intel/composer_xe_2013.1.117/tbb/lib/intel64/:/usr/lib/gcc/x86_64-redhat-linux/4.7.2/../../../:/lib/:/usr/lib/
COLLECT_GCC_OPTIONS='-v' '-o' 'cmTryCompileExec2173649571' '-rdynamic' '-shared-libgcc' '-mtune=generic' '-march=x86-64'
 /usr/libexec/gcc/x86_64-redhat-linux/4.7.2/collect2 --build-id --no-add-needed --eh-frame-hdr --hash-style=gnu -m elf_x86_64 -export-dynamic -dynamic-linker /lib64/ld-linux-x86-64.so.2 -o cmTryCompileExec2173649571 /usr/lib/gcc/x86_64-redhat-linux/4.7.2/../../../../lib64/crt1.o /usr/lib/gcc/x86_64-redhat-linux/4.7.2/../../../../lib64/crti.o /usr/lib/gcc/x86_64-redhat-linux/4.7.2/crtbegin.o -L/usr/lib/gcc/x86_64-redhat-linux/4.7.2 -L/usr/lib/gcc/x86_64-redhat-linux/4.7.2/../../../../lib64 -L/lib/../lib64 -L/usr/lib/../lib64 -L/opt/intel/composer_xe_2013.1.117/compiler/lib/intel64 -L/opt/intel/composer_xe_2013.1.117/ipp/../compiler/lib/intel64 -L/opt/intel/composer_xe_2013.1.117/ipp/lib/intel64 -L/opt/intel/composer_xe_2013.1.117/compiler/lib/intel64 -L/opt/intel/composer_xe_2013.1.117/mkl/lib/intel64 -L/opt/intel/composer_xe_2013.1.117/tbb/lib/intel64 -L/opt/intel/composer_xe_2013.1.117/compiler/lib/intel64 -L/opt/intel/composer_xe_2013.1.117/ipp/../compiler/lib/intel64 -L/opt/intel/composer_xe_2013.1.117/ipp/lib/intel64 -L/opt/intel/composer_xe_2013.1.117/compiler/lib/intel64 -L/opt/intel/composer_xe_2013.1.117/mkl/lib/intel64 -L/opt/intel/composer_xe_2013.1.117/tbb/lib/intel64 -L/usr/lib/gcc/x86_64-redhat-linux/4.7.2/../../.. CMakeFiles/cmTryCompileExec2173649571.dir/CMakeCXXCompilerABI.cpp.o -lstdc++ -lm -lgcc_s -lgcc -lc -lgcc_s -lgcc /usr/lib/gcc/x86_64-redhat-linux/4.7.2/crtend.o /usr/lib/gcc/x86_64-redhat-linux/4.7.2/../../../../lib64/crtn.o
gmake[1]: Leaving directory `/home/romain/Dropbox/Imperial College/Advanced-Graphics/build/CMakeFiles/CMakeTmp'


Parsed CXX implicit link information from above output:
  link line regex: [^( *|.*[/\])(ld|ld|collect2)[^/\]*( |$)]
  ignore line: [Change Dir: /home/romain/Dropbox/Imperial College/Advanced-Graphics/build/CMakeFiles/CMakeTmp]
  ignore line: []
  ignore line: [Run Build Command:/usr/bin/gmake "cmTryCompileExec2173649571/fast"]
  ignore line: [/usr/bin/gmake -f CMakeFiles/cmTryCompileExec2173649571.dir/build.make CMakeFiles/cmTryCompileExec2173649571.dir/build]
  ignore line: [gmake[1]: Entering directory `/home/romain/Dropbox/Imperial College/Advanced-Graphics/build/CMakeFiles/CMakeTmp']
  ignore line: [/usr/bin/cmake -E cmake_progress_report "/home/romain/Dropbox/Imperial College/Advanced-Graphics/build/CMakeFiles/CMakeTmp/CMakeFiles" 1]
  ignore line: [Building CXX object CMakeFiles/cmTryCompileExec2173649571.dir/CMakeCXXCompilerABI.cpp.o]
  ignore line: [/usr/lib64/ccache/g++     -o CMakeFiles/cmTryCompileExec2173649571.dir/CMakeCXXCompilerABI.cpp.o -c /usr/share/cmake/Modules/CMakeCXXCompilerABI.cpp]
  ignore line: [Linking CXX executable cmTryCompileExec2173649571]
  ignore line: [/usr/bin/cmake -E cmake_link_script CMakeFiles/cmTryCompileExec2173649571.dir/link.txt --verbose=1]
  ignore line: [/usr/lib64/ccache/g++        -v CMakeFiles/cmTryCompileExec2173649571.dir/CMakeCXXCompilerABI.cpp.o  -o cmTryCompileExec2173649571 -rdynamic  ]
  ignore line: [Using built-in specs.]
  ignore line: [COLLECT_GCC=/usr/bin/g++]
  ignore line: [COLLECT_LTO_WRAPPER=/usr/libexec/gcc/x86_64-redhat-linux/4.7.2/lto-wrapper]
  ignore line: [Target: x86_64-redhat-linux]
  ignore line: [Configured with: ../configure --prefix=/usr --mandir=/usr/share/man --infodir=/usr/share/info --with-bugurl=http://bugzilla.redhat.com/bugzilla --enable-bootstrap --enable-shared --enable-threads=posix --enable-checking=release --disable-build-with-cxx --disable-build-poststage1-with-cxx --with-system-zlib --enable-__cxa_atexit --disable-libunwind-exceptions --enable-gnu-unique-object --enable-linker-build-id --with-linker-hash-style=gnu --enable-languages=c,c++,objc,obj-c++,java,fortran,ada,go,lto --enable-plugin --enable-initfini-array --enable-java-awt=gtk --disable-dssi --with-java-home=/usr/lib/jvm/java-1.5.0-gcj-1.5.0.0/jre --enable-libgcj-multifile --enable-java-maintainer-mode --with-ecj-jar=/usr/share/java/eclipse-ecj.jar --disable-libjava-multilib --with-ppl --with-cloog --with-tune=generic --with-arch_32=i686 --build=x86_64-redhat-linux]
  ignore line: [Thread model: posix]
  ignore line: [gcc version 4.7.2 20120921 (Red Hat 4.7.2-2) (GCC) ]
  ignore line: [COMPILER_PATH=/usr/libexec/gcc/x86_64-redhat-linux/4.7.2/:/usr/libexec/gcc/x86_64-redhat-linux/4.7.2/:/usr/libexec/gcc/x86_64-redhat-linux/:/usr/lib/gcc/x86_64-redhat-linux/4.7.2/:/usr/lib/gcc/x86_64-redhat-linux/]
  ignore line: [LIBRARY_PATH=/usr/lib/gcc/x86_64-redhat-linux/4.7.2/:/usr/lib/gcc/x86_64-redhat-linux/4.7.2/../../../../lib64/:/lib/../lib64/:/usr/lib/../lib64/:/opt/intel/composer_xe_2013.1.117/compiler/lib/intel64/:/opt/intel/composer_xe_2013.1.117/ipp/../compiler/lib/intel64/:/opt/intel/composer_xe_2013.1.117/ipp/lib/intel64/:/opt/intel/composer_xe_2013.1.117/compiler/lib/intel64/:/opt/intel/composer_xe_2013.1.117/mkl/lib/intel64/:/opt/intel/composer_xe_2013.1.117/tbb/lib/intel64/:/opt/intel/composer_xe_2013.1.117/compiler/lib/intel64/:/opt/intel/composer_xe_2013.1.117/ipp/../compiler/lib/intel64/:/opt/intel/composer_xe_2013.1.117/ipp/lib/intel64/:/opt/intel/composer_xe_2013.1.117/compiler/lib/intel64/:/opt/intel/composer_xe_2013.1.117/mkl/lib/intel64/:/opt/intel/composer_xe_2013.1.117/tbb/lib/intel64/:/usr/lib/gcc/x86_64-redhat-linux/4.7.2/../../../:/lib/:/usr/lib/]
  ignore line: [COLLECT_GCC_OPTIONS='-v' '-o' 'cmTryCompileExec2173649571' '-rdynamic' '-shared-libgcc' '-mtune=generic' '-march=x86-64']
  link line: [ /usr/libexec/gcc/x86_64-redhat-linux/4.7.2/collect2 --build-id --no-add-needed --eh-frame-hdr --hash-style=gnu -m elf_x86_64 -export-dynamic -dynamic-linker /lib64/ld-linux-x86-64.so.2 -o cmTryCompileExec2173649571 /usr/lib/gcc/x86_64-redhat-linux/4.7.2/../../../../lib64/crt1.o /usr/lib/gcc/x86_64-redhat-linux/4.7.2/../../../../lib64/crti.o /usr/lib/gcc/x86_64-redhat-linux/4.7.2/crtbegin.o -L/usr/lib/gcc/x86_64-redhat-linux/4.7.2 -L/usr/lib/gcc/x86_64-redhat-linux/4.7.2/../../../../lib64 -L/lib/../lib64 -L/usr/lib/../lib64 -L/opt/intel/composer_xe_2013.1.117/compiler/lib/intel64 -L/opt/intel/composer_xe_2013.1.117/ipp/../compiler/lib/intel64 -L/opt/intel/composer_xe_2013.1.117/ipp/lib/intel64 -L/opt/intel/composer_xe_2013.1.117/compiler/lib/intel64 -L/opt/intel/composer_xe_2013.1.117/mkl/lib/intel64 -L/opt/intel/composer_xe_2013.1.117/tbb/lib/intel64 -L/opt/intel/composer_xe_2013.1.117/compiler/lib/intel64 -L/opt/intel/composer_xe_2013.1.117/ipp/../compiler/lib/intel64 -L/opt/intel/composer_xe_2013.1.117/ipp/lib/intel64 -L/opt/intel/composer_xe_2013.1.117/compiler/lib/intel64 -L/opt/intel/composer_xe_2013.1.117/mkl/lib/intel64 -L/opt/intel/composer_xe_2013.1.117/tbb/lib/intel64 -L/usr/lib/gcc/x86_64-redhat-linux/4.7.2/../../.. CMakeFiles/cmTryCompileExec2173649571.dir/CMakeCXXCompilerABI.cpp.o -lstdc++ -lm -lgcc_s -lgcc -lc -lgcc_s -lgcc /usr/lib/gcc/x86_64-redhat-linux/4.7.2/crtend.o /usr/lib/gcc/x86_64-redhat-linux/4.7.2/../../../../lib64/crtn.o]
    arg [/usr/libexec/gcc/x86_64-redhat-linux/4.7.2/collect2] ==> ignore
    arg [--build-id] ==> ignore
    arg [--no-add-needed] ==> ignore
    arg [--eh-frame-hdr] ==> ignore
    arg [--hash-style=gnu] ==> ignore
    arg [-m] ==> ignore
    arg [elf_x86_64] ==> ignore
    arg [-export-dynamic] ==> ignore
    arg [-dynamic-linker] ==> ignore
    arg [/lib64/ld-linux-x86-64.so.2] ==> ignore
    arg [-o] ==> ignore
    arg [cmTryCompileExec2173649571] ==> ignore
    arg [/usr/lib/gcc/x86_64-redhat-linux/4.7.2/../../../../lib64/crt1.o] ==> ignore
    arg [/usr/lib/gcc/x86_64-redhat-linux/4.7.2/../../../../lib64/crti.o] ==> ignore
    arg [/usr/lib/gcc/x86_64-redhat-linux/4.7.2/crtbegin.o] ==> ignore
    arg [-L/usr/lib/gcc/x86_64-redhat-linux/4.7.2] ==> dir [/usr/lib/gcc/x86_64-redhat-linux/4.7.2]
    arg [-L/usr/lib/gcc/x86_64-redhat-linux/4.7.2/../../../../lib64] ==> dir [/usr/lib/gcc/x86_64-redhat-linux/4.7.2/../../../../lib64]
    arg [-L/lib/../lib64] ==> dir [/lib/../lib64]
    arg [-L/usr/lib/../lib64] ==> dir [/usr/lib/../lib64]
    arg [-L/opt/intel/composer_xe_2013.1.117/compiler/lib/intel64] ==> dir [/opt/intel/composer_xe_2013.1.117/compiler/lib/intel64]
    arg [-L/opt/intel/composer_xe_2013.1.117/ipp/../compiler/lib/intel64] ==> dir [/opt/intel/composer_xe_2013.1.117/ipp/../compiler/lib/intel64]
    arg [-L/opt/intel/composer_xe_2013.1.117/ipp/lib/intel64] ==> dir [/opt/intel/composer_xe_2013.1.117/ipp/lib/intel64]
    arg [-L/opt/intel/composer_xe_2013.1.117/compiler/lib/intel64] ==> dir [/opt/intel/composer_xe_2013.1.117/compiler/lib/intel64]
    arg [-L/opt/intel/composer_xe_2013.1.117/mkl/lib/intel64] ==> dir [/opt/intel/composer_xe_2013.1.117/mkl/lib/intel64]
    arg [-L/opt/intel/composer_xe_2013.1.117/tbb/lib/intel64] ==> dir [/opt/intel/composer_xe_2013.1.117/tbb/lib/intel64]
    arg [-L/opt/intel/composer_xe_2013.1.117/compiler/lib/intel64] ==> dir [/opt/intel/composer_xe_2013.1.117/compiler/lib/intel64]
    arg [-L/opt/intel/composer_xe_2013.1.117/ipp/../compiler/lib/intel64] ==> dir [/opt/intel/composer_xe_2013.1.117/ipp/../compiler/lib/intel64]
    arg [-L/opt/intel/composer_xe_2013.1.117/ipp/lib/intel64] ==> dir [/opt/intel/composer_xe_2013.1.117/ipp/lib/intel64]
    arg [-L/opt/intel/composer_xe_2013.1.117/compiler/lib/intel64] ==> dir [/opt/intel/composer_xe_2013.1.117/compiler/lib/intel64]
    arg [-L/opt/intel/composer_xe_2013.1.117/mkl/lib/intel64] ==> dir [/opt/intel/composer_xe_2013.1.117/mkl/lib/intel64]
    arg [-L/opt/intel/composer_xe_2013.1.117/tbb/lib/intel64] ==> dir [/opt/intel/composer_xe_2013.1.117/tbb/lib/intel64]
    arg [-L/usr/lib/gcc/x86_64-redhat-linux/4.7.2/../../..] ==> dir [/usr/lib/gcc/x86_64-redhat-linux/4.7.2/../../..]
    arg [CMakeFiles/cmTryCompileExec2173649571.dir/CMakeCXXCompilerABI.cpp.o] ==> ignore
    arg [-lstdc++] ==> lib [stdc++]
    arg [-lm] ==> lib [m]
    arg [-lgcc_s] ==> lib [gcc_s]
    arg [-lgcc] ==> lib [gcc]
    arg [-lc] ==> lib [c]
    arg [-lgcc_s] ==> lib [gcc_s]
    arg [-lgcc] ==> lib [gcc]
    arg [/usr/lib/gcc/x86_64-redhat-linux/4.7.2/crtend.o] ==> ignore
    arg [/usr/lib/gcc/x86_64-redhat-linux/4.7.2/../../../../lib64/crtn.o] ==> ignore
  remove lib [gcc_s]
  remove lib [gcc]
  remove lib [gcc_s]
  remove lib [gcc]
  collapse dir [/usr/lib/gcc/x86_64-redhat-linux/4.7.2] ==> [/usr/lib/gcc/x86_64-redhat-linux/4.7.2]
  collapse dir [/usr/lib/gcc/x86_64-redhat-linux/4.7.2/../../../../lib64] ==> [/usr/lib64]
  collapse dir [/lib/../lib64] ==> [/lib64]
  collapse dir [/usr/lib/../lib64] ==> [/usr/lib64]
  collapse dir [/opt/intel/composer_xe_2013.1.117/compiler/lib/intel64] ==> [/opt/intel/composer_xe_2013.1.117/compiler/lib/intel64]
  collapse dir [/opt/intel/composer_xe_2013.1.117/ipp/../compiler/lib/intel64] ==> [/opt/intel/composer_xe_2013.1.117/compiler/lib/intel64]
  collapse dir [/opt/intel/composer_xe_2013.1.117/ipp/lib/intel64] ==> [/opt/intel/composer_xe_2013.1.117/ipp/lib/intel64]
  collapse dir [/opt/intel/composer_xe_2013.1.117/compiler/lib/intel64] ==> [/opt/intel/composer_xe_2013.1.117/compiler/lib/intel64]
  collapse dir [/opt/intel/composer_xe_2013.1.117/mkl/lib/intel64] ==> [/opt/intel/composer_xe_2013.1.117/mkl/lib/intel64]
  collapse dir [/opt/intel/composer_xe_2013.1.117/tbb/lib/intel64] ==> [/opt/intel/composer_xe_2013.1.117/tbb/lib/intel64]
  collapse dir [/opt/intel/composer_xe_2013.1.117/compiler/lib/intel64] ==> [/opt/intel/composer_xe_2013.1.117/compiler/lib/intel64]
  collapse dir [/opt/intel/composer_xe_2013.1.117/ipp/../compiler/lib/intel64] ==> [/opt/intel/composer_xe_2013.1.117/compiler/lib/intel64]
  collapse dir [/opt/intel/composer_xe_2013.1.117/ipp/lib/intel64] ==> [/opt/intel/composer_xe_2013.1.117/ipp/lib/intel64]
  collapse dir [/opt/intel/composer_xe_2013.1.117/compiler/lib/intel64] ==> [/opt/intel/composer_xe_2013.1.117/compiler/lib/intel64]
  collapse dir [/opt/intel/composer_xe_2013.1.117/mkl/lib/intel64] ==> [/opt/intel/composer_xe_2013.1.117/mkl/lib/intel64]
  collapse dir [/opt/intel/composer_xe_2013.1.117/tbb/lib/intel64] ==> [/opt/intel/composer_xe_2013.1.117/tbb/lib/intel64]
  collapse dir [/usr/lib/gcc/x86_64-redhat-linux/4.7.2/../../..] ==> [/usr/lib]
  implicit libs: [stdc++;m;c]
  implicit dirs: [/usr/lib/gcc/x86_64-redhat-linux/4.7.2;/usr/lib64;/lib64;/opt/intel/composer_xe_2013.1.117/compiler/lib/intel64;/opt/intel/composer_xe_2013.1.117/ipp/lib/intel64;/opt/intel/composer_xe_2013.1.117/mkl/lib/intel64;/opt/intel/composer_xe_2013.1.117/tbb/lib/intel64;/usr/lib]


Determining if the include file sys/types.h exists passed with the following output:
Change Dir: /home/romain/Dropbox/Imperial College/Advanced-Graphics/build/CMakeFiles/CMakeTmp

Run Build Command:/usr/bin/gmake "cmTryCompileExec3356976232/fast"
/usr/bin/gmake -f CMakeFiles/cmTryCompileExec3356976232.dir/build.make CMakeFiles/cmTryCompileExec3356976232.dir/build
gmake[1]: Entering directory `/home/romain/Dropbox/Imperial College/Advanced-Graphics/build/CMakeFiles/CMakeTmp'
/usr/bin/cmake -E cmake_progress_report "/home/romain/Dropbox/Imperial College/Advanced-Graphics/build/CMakeFiles/CMakeTmp/CMakeFiles" 1
Building C object CMakeFiles/cmTryCompileExec3356976232.dir/CheckIncludeFile.c.o
/usr/lib64/ccache/gcc    -o CMakeFiles/cmTryCompileExec3356976232.dir/CheckIncludeFile.c.o   -c "/home/romain/Dropbox/Imperial College/Advanced-Graphics/build/CMakeFiles/CMakeTmp/CheckIncludeFile.c"
Linking C executable cmTryCompileExec3356976232
/usr/bin/cmake -E cmake_link_script CMakeFiles/cmTryCompileExec3356976232.dir/link.txt --verbose=1
/usr/lib64/ccache/gcc         CMakeFiles/cmTryCompileExec3356976232.dir/CheckIncludeFile.c.o  -o cmTryCompileExec3356976232 -rdynamic 
gmake[1]: Leaving directory `/home/romain/Dropbox/Imperial College/Advanced-Graphics/build/CMakeFiles/CMakeTmp'


Determining if the include file stdint.h exists passed with the following output:
Change Dir: /home/romain/Dropbox/Imperial College/Advanced-Graphics/build/CMakeFiles/CMakeTmp

Run Build Command:/usr/bin/gmake "cmTryCompileExec1424468445/fast"
/usr/bin/gmake -f CMakeFiles/cmTryCompileExec1424468445.dir/build.make CMakeFiles/cmTryCompileExec1424468445.dir/build
gmake[1]: Entering directory `/home/romain/Dropbox/Imperial College/Advanced-Graphics/build/CMakeFiles/CMakeTmp'
/usr/bin/cmake -E cmake_progress_report "/home/romain/Dropbox/Imperial College/Advanced-Graphics/build/CMakeFiles/CMakeTmp/CMakeFiles" 1
Building C object CMakeFiles/cmTryCompileExec1424468445.dir/CheckIncludeFile.c.o
/usr/lib64/ccache/gcc    -o CMakeFiles/cmTryCompileExec1424468445.dir/CheckIncludeFile.c.o   -c "/home/romain/Dropbox/Imperial College/Advanced-Graphics/build/CMakeFiles/CMakeTmp/CheckIncludeFile.c"
Linking C executable cmTryCompileExec1424468445
/usr/bin/cmake -E cmake_link_script CMakeFiles/cmTryCompileExec1424468445.dir/link.txt --verbose=1
/usr/lib64/ccache/gcc         CMakeFiles/cmTryCompileExec1424468445.dir/CheckIncludeFile.c.o  -o cmTryCompileExec1424468445 -rdynamic 
gmake[1]: Leaving directory `/home/romain/Dropbox/Imperial College/Advanced-Graphics/build/CMakeFiles/CMakeTmp'


Determining if the include file stddef.h exists passed with the following output:
Change Dir: /home/romain/Dropbox/Imperial College/Advanced-Graphics/build/CMakeFiles/CMakeTmp

Run Build Command:/usr/bin/gmake "cmTryCompileExec3117514930/fast"
/usr/bin/gmake -f CMakeFiles/cmTryCompileExec3117514930.dir/build.make CMakeFiles/cmTryCompileExec3117514930.dir/build
gmake[1]: Entering directory `/home/romain/Dropbox/Imperial College/Advanced-Graphics/build/CMakeFiles/CMakeTmp'
/usr/bin/cmake -E cmake_progress_report "/home/romain/Dropbox/Imperial College/Advanced-Graphics/build/CMakeFiles/CMakeTmp/CMakeFiles" 1
Building C object CMakeFiles/cmTryCompileExec3117514930.dir/CheckIncludeFile.c.o
/usr/lib64/ccache/gcc    -o CMakeFiles/cmTryCompileExec3117514930.dir/CheckIncludeFile.c.o   -c "/home/romain/Dropbox/Imperial College/Advanced-Graphics/build/CMakeFiles/CMakeTmp/CheckIncludeFile.c"
Linking C executable cmTryCompileExec3117514930
/usr/bin/cmake -E cmake_link_script CMakeFiles/cmTryCompileExec3117514930.dir/link.txt --verbose=1
/usr/lib64/ccache/gcc         CMakeFiles/cmTryCompileExec3117514930.dir/CheckIncludeFile.c.o  -o cmTryCompileExec3117514930 -rdynamic 
gmake[1]: Leaving directory `/home/romain/Dropbox/Imperial College/Advanced-Graphics/build/CMakeFiles/CMakeTmp'


Determining size of unsigned short passed with the following output:
Change Dir: /home/romain/Dropbox/Imperial College/Advanced-Graphics/build/CMakeFiles/CMakeTmp

Run Build Command:/usr/bin/gmake "cmTryCompileExec3197698911/fast"
/usr/bin/gmake -f CMakeFiles/cmTryCompileExec3197698911.dir/build.make CMakeFiles/cmTryCompileExec3197698911.dir/build
gmake[1]: Entering directory `/home/romain/Dropbox/Imperial College/Advanced-Graphics/build/CMakeFiles/CMakeTmp'
/usr/bin/cmake -E cmake_progress_report "/home/romain/Dropbox/Imperial College/Advanced-Graphics/build/CMakeFiles/CMakeTmp/CMakeFiles" 1
Building C object CMakeFiles/cmTryCompileExec3197698911.dir/CMAKE_SIZEOF_UNSIGNED_SHORT.c.o
/usr/lib64/ccache/gcc    -o CMakeFiles/cmTryCompileExec3197698911.dir/CMAKE_SIZEOF_UNSIGNED_SHORT.c.o   -c "/home/romain/Dropbox/Imperial College/Advanced-Graphics/build/CMakeFiles/CheckTypeSize/CMAKE_SIZEOF_UNSIGNED_SHORT.c"
Linking C executable cmTryCompileExec3197698911
/usr/bin/cmake -E cmake_link_script CMakeFiles/cmTryCompileExec3197698911.dir/link.txt --verbose=1
/usr/lib64/ccache/gcc         CMakeFiles/cmTryCompileExec3197698911.dir/CMAKE_SIZEOF_UNSIGNED_SHORT.c.o  -o cmTryCompileExec3197698911 -rdynamic 
gmake[1]: Leaving directory `/home/romain/Dropbox/Imperial College/Advanced-Graphics/build/CMakeFiles/CMakeTmp'


Performing C SOURCE FILE Test OpenMP_FLAG_DETECTED succeded with the following output:
Change Dir: /home/romain/Dropbox/Imperial College/Advanced-Graphics/build/CMakeFiles/CMakeTmp

Run Build Command:/usr/bin/gmake "cmTryCompileExec3968154382/fast"
/usr/bin/gmake -f CMakeFiles/cmTryCompileExec3968154382.dir/build.make CMakeFiles/cmTryCompileExec3968154382.dir/build
gmake[1]: Entering directory `/home/romain/Dropbox/Imperial College/Advanced-Graphics/build/CMakeFiles/CMakeTmp'
/usr/bin/cmake -E cmake_progress_report "/home/romain/Dropbox/Imperial College/Advanced-Graphics/build/CMakeFiles/CMakeTmp/CMakeFiles" 1
Building C object CMakeFiles/cmTryCompileExec3968154382.dir/src.c.o
/usr/lib64/ccache/gcc   -DOpenMP_FLAG_DETECTED -fopenmp   -o CMakeFiles/cmTryCompileExec3968154382.dir/src.c.o   -c "/home/romain/Dropbox/Imperial College/Advanced-Graphics/build/CMakeFiles/CMakeTmp/src.c"
Linking C executable cmTryCompileExec3968154382
/usr/bin/cmake -E cmake_link_script CMakeFiles/cmTryCompileExec3968154382.dir/link.txt --verbose=1
/usr/lib64/ccache/gcc     -DOpenMP_FLAG_DETECTED -fopenmp    CMakeFiles/cmTryCompileExec3968154382.dir/src.c.o  -o cmTryCompileExec3968154382 -rdynamic 
gmake[1]: Leaving directory `/home/romain/Dropbox/Imperial College/Advanced-Graphics/build/CMakeFiles/CMakeTmp'

Source file was:

#include <omp.h>
int main() { 
#ifdef _OPENMP
  return 0; 
#else
  breaks_on_purpose
#endif
}

Performing C++ SOURCE FILE Test OpenMP_FLAG_DETECTED succeded with the following output:
Change Dir: /home/romain/Dropbox/Imperial College/Advanced-Graphics/build/CMakeFiles/CMakeTmp

Run Build Command:/usr/bin/gmake "cmTryCompileExec2614293959/fast"
/usr/bin/gmake -f CMakeFiles/cmTryCompileExec2614293959.dir/build.make CMakeFiles/cmTryCompileExec2614293959.dir/build
gmake[1]: Entering directory `/home/romain/Dropbox/Imperial College/Advanced-Graphics/build/CMakeFiles/CMakeTmp'
/usr/bin/cmake -E cmake_progress_report "/home/romain/Dropbox/Imperial College/Advanced-Graphics/build/CMakeFiles/CMakeTmp/CMakeFiles" 1
Building CXX object CMakeFiles/cmTryCompileExec2614293959.dir/src.cxx.o
/usr/lib64/ccache/g++    -DOpenMP_FLAG_DETECTED -fopenmp   -o CMakeFiles/cmTryCompileExec2614293959.dir/src.cxx.o -c "/home/romain/Dropbox/Imperial College/Advanced-Graphics/build/CMakeFiles/CMakeTmp/src.cxx"
Linking CXX executable cmTryCompileExec2614293959
/usr/bin/cmake -E cmake_link_script CMakeFiles/cmTryCompileExec2614293959.dir/link.txt --verbose=1
/usr/lib64/ccache/g++      -DOpenMP_FLAG_DETECTED -fopenmp    CMakeFiles/cmTryCompileExec2614293959.dir/src.cxx.o  -o cmTryCompileExec2614293959 -rdynamic 
gmake[1]: Leaving directory `/home/romain/Dropbox/Imperial College/Advanced-Graphics/build/CMakeFiles/CMakeTmp'

Source file was:

#include <omp.h>
int main() { 
#ifdef _OPENMP
  return 0; 
#else
  breaks_on_purpose
#endif
}

