Determining if the Q_WS_WIN exist failed with the following output:
Change Dir: /home/romain/Dropbox/Imperial College/Advanced-Graphics/build/CMakeFiles/CMakeTmp

Run Build Command:/usr/bin/gmake "cmTryCompileExec3759764599/fast"
/usr/bin/gmake -f CMakeFiles/cmTryCompileExec3759764599.dir/build.make CMakeFiles/cmTryCompileExec3759764599.dir/build
gmake[1]: Entering directory `/home/romain/Dropbox/Imperial College/Advanced-Graphics/build/CMakeFiles/CMakeTmp'
/usr/bin/cmake -E cmake_progress_report "/home/romain/Dropbox/Imperial College/Advanced-Graphics/build/CMakeFiles/CMakeTmp/CMakeFiles" 1
Building CXX object CMakeFiles/cmTryCompileExec3759764599.dir/CheckSymbolExists.cxx.o
/opt/intel/composer_xe_2013.1.117/bin/intel64/icpc     -o CMakeFiles/cmTryCompileExec3759764599.dir/CheckSymbolExists.cxx.o -c "/home/romain/Dropbox/Imperial College/Advanced-Graphics/build/CMakeFiles/CMakeTmp/CheckSymbolExists.cxx"
/home/romain/Dropbox/Imperial College/Advanced-Graphics/build/CMakeFiles/CMakeTmp/CheckSymbolExists.cxx(8): error: identifier "Q_WS_WIN" is undefined
    return ((int*)(&Q_WS_WIN))[argc];
                    ^

compilation aborted for /home/romain/Dropbox/Imperial College/Advanced-Graphics/build/CMakeFiles/CMakeTmp/CheckSymbolExists.cxx (code 2)
gmake[1]: *** [CMakeFiles/cmTryCompileExec3759764599.dir/CheckSymbolExists.cxx.o] Error 2
gmake[1]: Leaving directory `/home/romain/Dropbox/Imperial College/Advanced-Graphics/build/CMakeFiles/CMakeTmp'
gmake: *** [cmTryCompileExec3759764599/fast] Error 2

File /home/romain/Dropbox/Imperial College/Advanced-Graphics/build/CMakeFiles/CMakeTmp/CheckSymbolExists.cxx:
/* */
#include <QtCore/qglobal.h>

int main(int argc, char** argv)
{
  (void)argv;
#ifndef Q_WS_WIN
  return ((int*)(&Q_WS_WIN))[argc];
#else
  (void)argc;
  return 0;
#endif
}

Determining if the Q_WS_QWS exist failed with the following output:
Change Dir: /home/romain/Dropbox/Imperial College/Advanced-Graphics/build/CMakeFiles/CMakeTmp

Run Build Command:/usr/bin/gmake "cmTryCompileExec2738846904/fast"
/usr/bin/gmake -f CMakeFiles/cmTryCompileExec2738846904.dir/build.make CMakeFiles/cmTryCompileExec2738846904.dir/build
gmake[1]: Entering directory `/home/romain/Dropbox/Imperial College/Advanced-Graphics/build/CMakeFiles/CMakeTmp'
/usr/bin/cmake -E cmake_progress_report "/home/romain/Dropbox/Imperial College/Advanced-Graphics/build/CMakeFiles/CMakeTmp/CMakeFiles" 1
Building CXX object CMakeFiles/cmTryCompileExec2738846904.dir/CheckSymbolExists.cxx.o
/opt/intel/composer_xe_2013.1.117/bin/intel64/icpc     -o CMakeFiles/cmTryCompileExec2738846904.dir/CheckSymbolExists.cxx.o -c "/home/romain/Dropbox/Imperial College/Advanced-Graphics/build/CMakeFiles/CMakeTmp/CheckSymbolExists.cxx"
/home/romain/Dropbox/Imperial College/Advanced-Graphics/build/CMakeFiles/CMakeTmp/CheckSymbolExists.cxx(8): error: identifier "Q_WS_QWS" is undefined
    return ((int*)(&Q_WS_QWS))[argc];
                    ^

compilation aborted for /home/romain/Dropbox/Imperial College/Advanced-Graphics/build/CMakeFiles/CMakeTmp/CheckSymbolExists.cxx (code 2)
gmake[1]: *** [CMakeFiles/cmTryCompileExec2738846904.dir/CheckSymbolExists.cxx.o] Error 2
gmake[1]: Leaving directory `/home/romain/Dropbox/Imperial College/Advanced-Graphics/build/CMakeFiles/CMakeTmp'
gmake: *** [cmTryCompileExec2738846904/fast] Error 2

File /home/romain/Dropbox/Imperial College/Advanced-Graphics/build/CMakeFiles/CMakeTmp/CheckSymbolExists.cxx:
/* */
#include <QtCore/qglobal.h>

int main(int argc, char** argv)
{
  (void)argv;
#ifndef Q_WS_QWS
  return ((int*)(&Q_WS_QWS))[argc];
#else
  (void)argc;
  return 0;
#endif
}

Determining if the Q_WS_MAC exist failed with the following output:
Change Dir: /home/romain/Dropbox/Imperial College/Advanced-Graphics/build/CMakeFiles/CMakeTmp

Run Build Command:/usr/bin/gmake "cmTryCompileExec1221182986/fast"
/usr/bin/gmake -f CMakeFiles/cmTryCompileExec1221182986.dir/build.make CMakeFiles/cmTryCompileExec1221182986.dir/build
gmake[1]: Entering directory `/home/romain/Dropbox/Imperial College/Advanced-Graphics/build/CMakeFiles/CMakeTmp'
/usr/bin/cmake -E cmake_progress_report "/home/romain/Dropbox/Imperial College/Advanced-Graphics/build/CMakeFiles/CMakeTmp/CMakeFiles" 1
Building CXX object CMakeFiles/cmTryCompileExec1221182986.dir/CheckSymbolExists.cxx.o
/opt/intel/composer_xe_2013.1.117/bin/intel64/icpc     -o CMakeFiles/cmTryCompileExec1221182986.dir/CheckSymbolExists.cxx.o -c "/home/romain/Dropbox/Imperial College/Advanced-Graphics/build/CMakeFiles/CMakeTmp/CheckSymbolExists.cxx"
/home/romain/Dropbox/Imperial College/Advanced-Graphics/build/CMakeFiles/CMakeTmp/CheckSymbolExists.cxx(8): error: identifier "Q_WS_MAC" is undefined
    return ((int*)(&Q_WS_MAC))[argc];
                    ^

compilation aborted for /home/romain/Dropbox/Imperial College/Advanced-Graphics/build/CMakeFiles/CMakeTmp/CheckSymbolExists.cxx (code 2)
gmake[1]: *** [CMakeFiles/cmTryCompileExec1221182986.dir/CheckSymbolExists.cxx.o] Error 2
gmake[1]: Leaving directory `/home/romain/Dropbox/Imperial College/Advanced-Graphics/build/CMakeFiles/CMakeTmp'
gmake: *** [cmTryCompileExec1221182986/fast] Error 2

File /home/romain/Dropbox/Imperial College/Advanced-Graphics/build/CMakeFiles/CMakeTmp/CheckSymbolExists.cxx:
/* */
#include <QtCore/qglobal.h>

int main(int argc, char** argv)
{
  (void)argv;
#ifndef Q_WS_MAC
  return ((int*)(&Q_WS_MAC))[argc];
#else
  (void)argc;
  return 0;
#endif
}

Determining if the system is big endian passed with the following output:
Change Dir: /home/romain/Dropbox/Imperial College/Advanced-Graphics/build/CMakeFiles/CMakeTmp

Run Build Command:/usr/bin/gmake "cmTryCompileExec4192450130/fast"
/usr/bin/gmake -f CMakeFiles/cmTryCompileExec4192450130.dir/build.make CMakeFiles/cmTryCompileExec4192450130.dir/build
gmake[1]: Entering directory `/home/romain/Dropbox/Imperial College/Advanced-Graphics/build/CMakeFiles/CMakeTmp'
/usr/bin/cmake -E cmake_progress_report "/home/romain/Dropbox/Imperial College/Advanced-Graphics/build/CMakeFiles/CMakeTmp/CMakeFiles" 1
Building C object CMakeFiles/cmTryCompileExec4192450130.dir/TestEndianess.c.o
/usr/lib64/ccache/gcc    -o CMakeFiles/cmTryCompileExec4192450130.dir/TestEndianess.c.o   -c "/home/romain/Dropbox/Imperial College/Advanced-Graphics/build/CMakeFiles/CMakeTmp/TestEndianess.c"
Linking C executable cmTryCompileExec4192450130
/usr/bin/cmake -E cmake_link_script CMakeFiles/cmTryCompileExec4192450130.dir/link.txt --verbose=1
/usr/lib64/ccache/gcc         CMakeFiles/cmTryCompileExec4192450130.dir/TestEndianess.c.o  -o cmTryCompileExec4192450130 -rdynamic 
gmake[1]: Leaving directory `/home/romain/Dropbox/Imperial College/Advanced-Graphics/build/CMakeFiles/CMakeTmp'

TestEndianess.c:
/* A 16 bit integer is required. */
typedef unsigned short cmakeint16;

/* On a little endian machine, these 16bit ints will give "THIS IS LITTLE ENDIAN."
   On a big endian machine the characters will be exchanged pairwise. */
const cmakeint16 info_little[] =  {0x4854, 0x5349, 0x4920, 0x2053, 0x494c, 0x5454, 0x454c, 0x4520, 0x444e, 0x4149, 0x2e4e, 0x0000};

/* on a big endian machine, these 16bit ints will give "THIS IS BIG ENDIAN."
   On a little endian machine the characters will be exchanged pairwise. */
const cmakeint16 info_big[] =     {0x5448, 0x4953, 0x2049, 0x5320, 0x4249, 0x4720, 0x454e, 0x4449, 0x414e, 0x2e2e, 0x0000};

#ifdef __CLASSIC_C__
int main(argc, argv) int argc; char *argv[];
#else
int main(int argc, char *argv[])
#endif
{
  int require = 0;
  require += info_little[argc];
  require += info_big[argc];
  (void)argv;
  return require;
}


